<?xml version="1.0" encoding="UTF-8"?>
<!DOCTYPE coverage SYSTEM "https://raw.githubusercontent.com/cobertura/cobertura/master/cobertura/src/site/htdocs/xml/coverage-04.dtd">
<coverage line-rate="0.778032036613272" branch-rate="0" lines-covered="1700" lines-valid="2185" branches-covered="0" branches-valid="0" complexity="0" version="3.6.4" timestamp="2025-06-16 05:28:27.019708">
  <sources>
    <source>/__w/autoslider.core/autoslider.core/autoslider.core</source>
  </sources>
  <packages>
    <package name="autoslider.core" line-rate="0.778032036613272" branch-rate="0" complexity="0">
      <classes>
        <class name="ai.R" filename="R/ai.R" line-rate="0" branch-rate="0" complexity="0">
          <methods>
            <method name="get_deepseek_key" signature="" line-rate="0" branch-rate="0" complexity="0">
              <lines>
                <line number="2" hits="0" branch="false"/>
              </lines>
            </method>
            <method name="get_portkey_key" signature="" line-rate="0" branch-rate="0" complexity="0">
              <lines>
                <line number="6" hits="0" branch="false"/>
              </lines>
            </method>
            <method name="get_system_prompt" signature="" line-rate="0" branch-rate="0" complexity="0">
              <lines>
                <line number="10" hits="0" branch="false"/>
              </lines>
            </method>
            <method name="get_ellmer_chat" signature="" line-rate="0" branch-rate="0" complexity="0">
              <lines>
                <line number="26" hits="0" branch="false"/>
                <line number="27" hits="0" branch="false"/>
                <line number="28" hits="0" branch="false"/>
                <line number="29" hits="0" branch="false"/>
                <line number="30" hits="0" branch="false"/>
                <line number="31" hits="0" branch="false"/>
                <line number="32" hits="0" branch="false"/>
                <line number="33" hits="0" branch="false"/>
                <line number="34" hits="0" branch="false"/>
                <line number="35" hits="0" branch="false"/>
                <line number="36" hits="0" branch="false"/>
                <line number="37" hits="0" branch="false"/>
                <line number="38" hits="0" branch="false"/>
                <line number="39" hits="0" branch="false"/>
                <line number="40" hits="0" branch="false"/>
                <line number="42" hits="0" branch="false"/>
              </lines>
            </method>
            <method name="get_prompt_list" signature="" line-rate="0" branch-rate="0" complexity="0">
              <lines>
                <line number="51" hits="0" branch="false"/>
                <line number="52" hits="0" branch="false"/>
                <line number="53" hits="0" branch="false"/>
                <line number="54" hits="0" branch="false"/>
                <line number="55" hits="0" branch="false"/>
                <line number="56" hits="0" branch="false"/>
              </lines>
            </method>
            <method name="integrate_prompt" signature="" line-rate="0" branch-rate="0" complexity="0">
              <lines>
                <line number="62" hits="0" branch="false"/>
                <line number="63" hits="0" branch="false"/>
                <line number="64" hits="0" branch="false"/>
                <line number="65" hits="0" branch="false"/>
              </lines>
            </method>
            <method name="adding_ai_footnotes" signature="" line-rate="0" branch-rate="0" complexity="0">
              <lines>
                <line number="79" hits="0" branch="false"/>
                <line number="80" hits="0" branch="false"/>
                <line number="81" hits="0" branch="false"/>
                <line number="82" hits="0" branch="false"/>
                <line number="83" hits="0" branch="false"/>
                <line number="84" hits="0" branch="false"/>
                <line number="85" hits="0" branch="false"/>
                <line number="86" hits="0" branch="false"/>
                <line number="87" hits="0" branch="false"/>
                <line number="88" hits="0" branch="false"/>
                <line number="89" hits="0" branch="false"/>
                <line number="90" hits="0" branch="false"/>
                <line number="91" hits="0" branch="false"/>
                <line number="92" hits="0" branch="false"/>
                <line number="93" hits="0" branch="false"/>
              </lines>
            </method>
          </methods>
          <lines>
            <line number="2" hits="0" branch="false"/>
            <line number="6" hits="0" branch="false"/>
            <line number="10" hits="0" branch="false"/>
            <line number="26" hits="0" branch="false"/>
            <line number="27" hits="0" branch="false"/>
            <line number="28" hits="0" branch="false"/>
            <line number="29" hits="0" branch="false"/>
            <line number="30" hits="0" branch="false"/>
            <line number="31" hits="0" branch="false"/>
            <line number="32" hits="0" branch="false"/>
            <line number="33" hits="0" branch="false"/>
            <line number="34" hits="0" branch="false"/>
            <line number="35" hits="0" branch="false"/>
            <line number="36" hits="0" branch="false"/>
            <line number="37" hits="0" branch="false"/>
            <line number="38" hits="0" branch="false"/>
            <line number="39" hits="0" branch="false"/>
            <line number="40" hits="0" branch="false"/>
            <line number="42" hits="0" branch="false"/>
            <line number="51" hits="0" branch="false"/>
            <line number="52" hits="0" branch="false"/>
            <line number="53" hits="0" branch="false"/>
            <line number="54" hits="0" branch="false"/>
            <line number="55" hits="0" branch="false"/>
            <line number="56" hits="0" branch="false"/>
            <line number="62" hits="0" branch="false"/>
            <line number="63" hits="0" branch="false"/>
            <line number="64" hits="0" branch="false"/>
            <line number="65" hits="0" branch="false"/>
            <line number="79" hits="0" branch="false"/>
            <line number="80" hits="0" branch="false"/>
            <line number="81" hits="0" branch="false"/>
            <line number="82" hits="0" branch="false"/>
            <line number="83" hits="0" branch="false"/>
            <line number="84" hits="0" branch="false"/>
            <line number="85" hits="0" branch="false"/>
            <line number="86" hits="0" branch="false"/>
            <line number="87" hits="0" branch="false"/>
            <line number="88" hits="0" branch="false"/>
            <line number="89" hits="0" branch="false"/>
            <line number="90" hits="0" branch="false"/>
            <line number="91" hits="0" branch="false"/>
            <line number="92" hits="0" branch="false"/>
            <line number="93" hits="0" branch="false"/>
          </lines>
        </class>
        <class name="assert.R" filename="R/assert.R" line-rate="0.307692307692308" branch-rate="0" complexity="0">
          <methods>
            <method name="abort" signature="" line-rate="0" branch-rate="0" complexity="0">
              <lines>
                <line number="2" hits="0" branch="false"/>
              </lines>
            </method>
            <method name="assert_is_character_scalar" signature="" line-rate="0.5" branch-rate="0" complexity="0">
              <lines>
                <line number="6" hits="112" branch="false"/>
                <line number="7" hits="0" branch="false"/>
              </lines>
            </method>
            <method name="assert_is_valid_version_label" signature="" line-rate="0.5" branch-rate="0" complexity="0">
              <lines>
                <line number="12" hits="1" branch="false"/>
                <line number="13" hits="0" branch="false"/>
              </lines>
            </method>
            <method name="assert_exists_in_spec_or_calling_env" signature="" line-rate="0.333333333333333" branch-rate="0" complexity="0">
              <lines>
                <line number="19" hits="102" branch="false"/>
                <line number="20" hits="102" branch="false"/>
                <line number="21" hits="102" branch="false"/>
                <line number="24" hits="102" branch="false"/>
                <line number="25" hits="102" branch="false"/>
                <line number="26" hits="0" branch="false"/>
                <line number="27" hits="0" branch="false"/>
                <line number="28" hits="0" branch="false"/>
                <line number="29" hits="0" branch="false"/>
                <line number="30" hits="0" branch="false"/>
                <line number="31" hits="0" branch="false"/>
                <line number="32" hits="0" branch="false"/>
                <line number="33" hits="0" branch="false"/>
                <line number="34" hits="0" branch="false"/>
                <line number="35" hits="0" branch="false"/>
              </lines>
            </method>
            <method name="assert_is_valid_filter_result" signature="" line-rate="0.166666666666667" branch-rate="0" complexity="0">
              <lines>
                <line number="40" hits="102" branch="false"/>
                <line number="41" hits="0" branch="false"/>
                <line number="42" hits="0" branch="false"/>
                <line number="43" hits="0" branch="false"/>
                <line number="44" hits="0" branch="false"/>
                <line number="45" hits="0" branch="false"/>
              </lines>
            </method>
          </methods>
          <lines>
            <line number="2" hits="0" branch="false"/>
            <line number="6" hits="112" branch="false"/>
            <line number="7" hits="0" branch="false"/>
            <line number="12" hits="1" branch="false"/>
            <line number="13" hits="0" branch="false"/>
            <line number="19" hits="102" branch="false"/>
            <line number="20" hits="102" branch="false"/>
            <line number="21" hits="102" branch="false"/>
            <line number="24" hits="102" branch="false"/>
            <line number="25" hits="102" branch="false"/>
            <line number="26" hits="0" branch="false"/>
            <line number="27" hits="0" branch="false"/>
            <line number="28" hits="0" branch="false"/>
            <line number="29" hits="0" branch="false"/>
            <line number="30" hits="0" branch="false"/>
            <line number="31" hits="0" branch="false"/>
            <line number="32" hits="0" branch="false"/>
            <line number="33" hits="0" branch="false"/>
            <line number="34" hits="0" branch="false"/>
            <line number="35" hits="0" branch="false"/>
            <line number="40" hits="102" branch="false"/>
            <line number="41" hits="0" branch="false"/>
            <line number="42" hits="0" branch="false"/>
            <line number="43" hits="0" branch="false"/>
            <line number="44" hits="0" branch="false"/>
            <line number="45" hits="0" branch="false"/>
          </lines>
        </class>
        <class name="autoslideR_error.R" filename="R/autoslideR_error.R" line-rate="1" branch-rate="0" complexity="0">
          <methods>
            <method name="autoslider_error" signature="" line-rate="1" branch-rate="0" complexity="0">
              <lines>
                <line number="13" hits="1" branch="false"/>
                <line number="14" hits="1" branch="false"/>
                <line number="15" hits="1" branch="false"/>
                <line number="16" hits="1" branch="false"/>
                <line number="17" hits="1" branch="false"/>
                <line number="18" hits="1" branch="false"/>
                <line number="19" hits="1" branch="false"/>
              </lines>
            </method>
          </methods>
          <lines>
            <line number="13" hits="1" branch="false"/>
            <line number="14" hits="1" branch="false"/>
            <line number="15" hits="1" branch="false"/>
            <line number="16" hits="1" branch="false"/>
            <line number="17" hits="1" branch="false"/>
            <line number="18" hits="1" branch="false"/>
            <line number="19" hits="1" branch="false"/>
          </lines>
        </class>
        <class name="decorate.R" filename="R/decorate.R" line-rate="0.873417721518987" branch-rate="0" complexity="0">
          <methods>
            <method name="ANY" signature="" line-rate="1" branch-rate="0" complexity="0">
              <lines>
                <line number="10" hits="1" branch="false"/>
                <line number="34" hits="6" branch="false"/>
              </lines>
            </method>
            <method name="decorate.default" signature="" line-rate="1" branch-rate="0" complexity="0">
              <lines>
                <line number="19" hits="1" branch="false"/>
              </lines>
            </method>
            <method name="decorate.autoslider_error" signature="" line-rate="1" branch-rate="0" complexity="0">
              <lines>
                <line number="28" hits="1" branch="false"/>
              </lines>
            </method>
            <method name="decorate.VTableTree" signature="" line-rate="0.944444444444444" branch-rate="0" complexity="0">
              <lines>
                <line number="44" hits="13" branch="false"/>
                <line number="45" hits="13" branch="false"/>
                <line number="47" hits="13" branch="false"/>
                <line number="48" hits="13" branch="false"/>
                <line number="50" hits="0" branch="false"/>
                <line number="53" hits="13" branch="false"/>
                <line number="54" hits="13" branch="false"/>
                <line number="56" hits="13" branch="false"/>
                <line number="57" hits="13" branch="false"/>
                <line number="58" hits="13" branch="false"/>
                <line number="60" hits="13" branch="false"/>
                <line number="61" hits="13" branch="false"/>
                <line number="62" hits="13" branch="false"/>
                <line number="63" hits="13" branch="false"/>
                <line number="64" hits="13" branch="false"/>
                <line number="65" hits="13" branch="false"/>
                <line number="66" hits="13" branch="false"/>
                <line number="67" hits="13" branch="false"/>
              </lines>
            </method>
            <method name="decorate.ggplot" signature="" line-rate="1" branch-rate="0" complexity="0">
              <lines>
                <line number="86" hits="4" branch="false"/>
                <line number="89" hits="4" branch="false"/>
                <line number="90" hits="4" branch="false"/>
                <line number="93" hits="4" branch="false"/>
                <line number="94" hits="4" branch="false"/>
                <line number="95" hits="4" branch="false"/>
                <line number="96" hits="4" branch="false"/>
                <line number="97" hits="4" branch="false"/>
                <line number="98" hits="4" branch="false"/>
                <line number="99" hits="4" branch="false"/>
                <line number="100" hits="4" branch="false"/>
                <line number="101" hits="4" branch="false"/>
              </lines>
            </method>
            <method name="decorate.listing_df" signature="" line-rate="0.944444444444444" branch-rate="0" complexity="0">
              <lines>
                <line number="118" hits="1" branch="false"/>
                <line number="119" hits="1" branch="false"/>
                <line number="121" hits="1" branch="false"/>
                <line number="122" hits="1" branch="false"/>
                <line number="124" hits="0" branch="false"/>
                <line number="127" hits="1" branch="false"/>
                <line number="128" hits="1" branch="false"/>
                <line number="130" hits="1" branch="false"/>
                <line number="131" hits="1" branch="false"/>
                <line number="132" hits="1" branch="false"/>
                <line number="133" hits="1" branch="false"/>
                <line number="134" hits="1" branch="false"/>
                <line number="135" hits="1" branch="false"/>
                <line number="136" hits="1" branch="false"/>
                <line number="137" hits="1" branch="false"/>
                <line number="138" hits="1" branch="false"/>
                <line number="139" hits="1" branch="false"/>
                <line number="140" hits="1" branch="false"/>
              </lines>
            </method>
            <method name="decorate.grob" signature="" line-rate="1" branch-rate="0" complexity="0">
              <lines>
                <line number="162" hits="2" branch="false"/>
                <line number="163" hits="2" branch="false"/>
                <line number="164" hits="2" branch="false"/>
                <line number="165" hits="2" branch="false"/>
                <line number="166" hits="2" branch="false"/>
                <line number="167" hits="2" branch="false"/>
                <line number="168" hits="2" branch="false"/>
                <line number="169" hits="2" branch="false"/>
                <line number="170" hits="2" branch="false"/>
                <line number="171" hits="2" branch="false"/>
                <line number="172" hits="2" branch="false"/>
              </lines>
            </method>
            <method name="decorate.gtsummary" signature="" line-rate="1" branch-rate="0" complexity="0">
              <lines>
                <line number="190" hits="1" branch="false"/>
                <line number="191" hits="1" branch="false"/>
                <line number="192" hits="1" branch="false"/>
                <line number="193" hits="1" branch="false"/>
                <line number="194" hits="1" branch="false"/>
                <line number="195" hits="1" branch="false"/>
                <line number="196" hits="1" branch="false"/>
                <line number="197" hits="1" branch="false"/>
                <line number="198" hits="1" branch="false"/>
              </lines>
            </method>
            <method name="decorate.list" signature="" line-rate="1" branch-rate="0" complexity="0">
              <lines>
                <line number="217" hits="1" branch="false"/>
                <line number="218" hits="1" branch="false"/>
                <line number="219" hits="1" branch="false"/>
                <line number="220" hits="1" branch="false"/>
                <line number="221" hits="1" branch="false"/>
                <line number="222" hits="1" branch="false"/>
                <line number="223" hits="1" branch="false"/>
                <line number="224" hits="1" branch="false"/>
                <line number="225" hits="1" branch="false"/>
                <line number="226" hits="1" branch="false"/>
                <line number="227" hits="1" branch="false"/>
                <line number="228" hits="1" branch="false"/>
                <line number="229" hits="1" branch="false"/>
                <line number="230" hits="1" branch="false"/>
                <line number="231" hits="1" branch="false"/>
                <line number="232" hits="1" branch="false"/>
                <line number="233" hits="1" branch="false"/>
                <line number="234" hits="1" branch="false"/>
                <line number="235" hits="1" branch="false"/>
                <line number="236" hits="1" branch="false"/>
                <line number="237" hits="1" branch="false"/>
                <line number="238" hits="1" branch="false"/>
                <line number="239" hits="1" branch="false"/>
                <line number="240" hits="1" branch="false"/>
              </lines>
            </method>
            <method name="decorate_outputs" signature="" line-rate="0.775862068965517" branch-rate="0" complexity="0">
              <lines>
                <line number="269" hits="1" branch="false"/>
                <line number="271" hits="1" branch="false"/>
                <line number="272" hits="1" branch="false"/>
                <line number="273" hits="0" branch="false"/>
                <line number="274" hits="1" branch="false"/>
                <line number="276" hits="1" branch="false"/>
                <line number="278" hits="1" branch="false"/>
                <line number="279" hits="1" branch="false"/>
                <line number="280" hits="0" branch="false"/>
                <line number="281" hits="0" branch="false"/>
                <line number="282" hits="0" branch="false"/>
                <line number="283" hits="0" branch="false"/>
                <line number="284" hits="0" branch="false"/>
                <line number="285" hits="0" branch="false"/>
                <line number="286" hits="1" branch="false"/>
                <line number="287" hits="1" branch="false"/>
                <line number="288" hits="1" branch="false"/>
                <line number="289" hits="1" branch="false"/>
                <line number="290" hits="1" branch="false"/>
                <line number="291" hits="1" branch="false"/>
                <line number="292" hits="1" branch="false"/>
                <line number="293" hits="1" branch="false"/>
                <line number="294" hits="1" branch="false"/>
                <line number="295" hits="1" branch="false"/>
                <line number="296" hits="1" branch="false"/>
                <line number="297" hits="1" branch="false"/>
                <line number="298" hits="1" branch="false"/>
                <line number="300" hits="1" branch="false"/>
                <line number="301" hits="1" branch="false"/>
                <line number="302" hits="0" branch="false"/>
                <line number="303" hits="0" branch="false"/>
                <line number="304" hits="0" branch="false"/>
                <line number="305" hits="0" branch="false"/>
                <line number="306" hits="0" branch="false"/>
                <line number="307" hits="1" branch="false"/>
                <line number="308" hits="1" branch="false"/>
                <line number="309" hits="1" branch="false"/>
                <line number="310" hits="1" branch="false"/>
                <line number="311" hits="1" branch="false"/>
                <line number="312" hits="1" branch="false"/>
                <line number="313" hits="1" branch="false"/>
                <line number="315" hits="1" branch="false"/>
                <line number="316" hits="1" branch="false"/>
                <line number="317" hits="1" branch="false"/>
                <line number="318" hits="0" branch="false"/>
                <line number="319" hits="1" branch="false"/>
                <line number="320" hits="1" branch="false"/>
                <line number="321" hits="1" branch="false"/>
                <line number="322" hits="1" branch="false"/>
                <line number="323" hits="1" branch="false"/>
                <line number="324" hits="1" branch="false"/>
                <line number="325" hits="1" branch="false"/>
                <line number="326" hits="1" branch="false"/>
                <line number="327" hits="1" branch="false"/>
                <line number="328" hits="1" branch="false"/>
                <line number="329" hits="1" branch="false"/>
                <line number="330" hits="1" branch="false"/>
                <line number="331" hits="1" branch="false"/>
              </lines>
            </method>
            <method name="print.decoratedGrob" signature="" line-rate="0" branch-rate="0" complexity="0">
              <lines>
                <line number="341" hits="0" branch="false"/>
                <line number="342" hits="0" branch="false"/>
              </lines>
            </method>
            <method name="print.decoratedGrobSet" signature="" line-rate="0" branch-rate="0" complexity="0">
              <lines>
                <line number="352" hits="0" branch="false"/>
                <line number="353" hits="0" branch="false"/>
                <line number="354" hits="0" branch="false"/>
              </lines>
            </method>
          </methods>
          <lines>
            <line number="10" hits="1" branch="false"/>
            <line number="19" hits="1" branch="false"/>
            <line number="28" hits="1" branch="false"/>
            <line number="44" hits="13" branch="false"/>
            <line number="45" hits="13" branch="false"/>
            <line number="47" hits="13" branch="false"/>
            <line number="48" hits="13" branch="false"/>
            <line number="50" hits="0" branch="false"/>
            <line number="53" hits="13" branch="false"/>
            <line number="54" hits="13" branch="false"/>
            <line number="56" hits="13" branch="false"/>
            <line number="57" hits="13" branch="false"/>
            <line number="58" hits="13" branch="false"/>
            <line number="60" hits="13" branch="false"/>
            <line number="61" hits="13" branch="false"/>
            <line number="62" hits="13" branch="false"/>
            <line number="63" hits="13" branch="false"/>
            <line number="64" hits="13" branch="false"/>
            <line number="65" hits="13" branch="false"/>
            <line number="66" hits="13" branch="false"/>
            <line number="67" hits="13" branch="false"/>
            <line number="86" hits="4" branch="false"/>
            <line number="89" hits="4" branch="false"/>
            <line number="90" hits="4" branch="false"/>
            <line number="93" hits="4" branch="false"/>
            <line number="94" hits="4" branch="false"/>
            <line number="95" hits="4" branch="false"/>
            <line number="96" hits="4" branch="false"/>
            <line number="97" hits="4" branch="false"/>
            <line number="98" hits="4" branch="false"/>
            <line number="99" hits="4" branch="false"/>
            <line number="100" hits="4" branch="false"/>
            <line number="101" hits="4" branch="false"/>
            <line number="118" hits="1" branch="false"/>
            <line number="119" hits="1" branch="false"/>
            <line number="121" hits="1" branch="false"/>
            <line number="122" hits="1" branch="false"/>
            <line number="124" hits="0" branch="false"/>
            <line number="127" hits="1" branch="false"/>
            <line number="128" hits="1" branch="false"/>
            <line number="130" hits="1" branch="false"/>
            <line number="131" hits="1" branch="false"/>
            <line number="132" hits="1" branch="false"/>
            <line number="133" hits="1" branch="false"/>
            <line number="134" hits="1" branch="false"/>
            <line number="135" hits="1" branch="false"/>
            <line number="136" hits="1" branch="false"/>
            <line number="137" hits="1" branch="false"/>
            <line number="138" hits="1" branch="false"/>
            <line number="139" hits="1" branch="false"/>
            <line number="140" hits="1" branch="false"/>
            <line number="162" hits="2" branch="false"/>
            <line number="163" hits="2" branch="false"/>
            <line number="164" hits="2" branch="false"/>
            <line number="165" hits="2" branch="false"/>
            <line number="166" hits="2" branch="false"/>
            <line number="167" hits="2" branch="false"/>
            <line number="168" hits="2" branch="false"/>
            <line number="169" hits="2" branch="false"/>
            <line number="170" hits="2" branch="false"/>
            <line number="171" hits="2" branch="false"/>
            <line number="172" hits="2" branch="false"/>
            <line number="190" hits="1" branch="false"/>
            <line number="191" hits="1" branch="false"/>
            <line number="192" hits="1" branch="false"/>
            <line number="193" hits="1" branch="false"/>
            <line number="194" hits="1" branch="false"/>
            <line number="195" hits="1" branch="false"/>
            <line number="196" hits="1" branch="false"/>
            <line number="197" hits="1" branch="false"/>
            <line number="198" hits="1" branch="false"/>
            <line number="217" hits="1" branch="false"/>
            <line number="218" hits="1" branch="false"/>
            <line number="219" hits="1" branch="false"/>
            <line number="220" hits="1" branch="false"/>
            <line number="221" hits="1" branch="false"/>
            <line number="222" hits="1" branch="false"/>
            <line number="223" hits="1" branch="false"/>
            <line number="224" hits="1" branch="false"/>
            <line number="225" hits="1" branch="false"/>
            <line number="226" hits="1" branch="false"/>
            <line number="227" hits="1" branch="false"/>
            <line number="228" hits="1" branch="false"/>
            <line number="229" hits="1" branch="false"/>
            <line number="230" hits="1" branch="false"/>
            <line number="231" hits="1" branch="false"/>
            <line number="232" hits="1" branch="false"/>
            <line number="233" hits="1" branch="false"/>
            <line number="234" hits="1" branch="false"/>
            <line number="235" hits="1" branch="false"/>
            <line number="236" hits="1" branch="false"/>
            <line number="237" hits="1" branch="false"/>
            <line number="238" hits="1" branch="false"/>
            <line number="239" hits="1" branch="false"/>
            <line number="240" hits="1" branch="false"/>
            <line number="269" hits="1" branch="false"/>
            <line number="271" hits="1" branch="false"/>
            <line number="272" hits="1" branch="false"/>
            <line number="273" hits="0" branch="false"/>
            <line number="274" hits="1" branch="false"/>
            <line number="276" hits="1" branch="false"/>
            <line number="278" hits="1" branch="false"/>
            <line number="279" hits="1" branch="false"/>
            <line number="280" hits="0" branch="false"/>
            <line number="281" hits="0" branch="false"/>
            <line number="282" hits="0" branch="false"/>
            <line number="283" hits="0" branch="false"/>
            <line number="284" hits="0" branch="false"/>
            <line number="285" hits="0" branch="false"/>
            <line number="286" hits="1" branch="false"/>
            <line number="287" hits="1" branch="false"/>
            <line number="288" hits="1" branch="false"/>
            <line number="289" hits="1" branch="false"/>
            <line number="290" hits="1" branch="false"/>
            <line number="291" hits="1" branch="false"/>
            <line number="292" hits="1" branch="false"/>
            <line number="293" hits="1" branch="false"/>
            <line number="294" hits="1" branch="false"/>
            <line number="295" hits="1" branch="false"/>
            <line number="296" hits="1" branch="false"/>
            <line number="297" hits="1" branch="false"/>
            <line number="298" hits="1" branch="false"/>
            <line number="300" hits="1" branch="false"/>
            <line number="301" hits="1" branch="false"/>
            <line number="302" hits="0" branch="false"/>
            <line number="303" hits="0" branch="false"/>
            <line number="304" hits="0" branch="false"/>
            <line number="305" hits="0" branch="false"/>
            <line number="306" hits="0" branch="false"/>
            <line number="307" hits="1" branch="false"/>
            <line number="308" hits="1" branch="false"/>
            <line number="309" hits="1" branch="false"/>
            <line number="310" hits="1" branch="false"/>
            <line number="311" hits="1" branch="false"/>
            <line number="312" hits="1" branch="false"/>
            <line number="313" hits="1" branch="false"/>
            <line number="315" hits="1" branch="false"/>
            <line number="316" hits="1" branch="false"/>
            <line number="317" hits="1" branch="false"/>
            <line number="318" hits="0" branch="false"/>
            <line number="319" hits="1" branch="false"/>
            <line number="320" hits="1" branch="false"/>
            <line number="321" hits="1" branch="false"/>
            <line number="322" hits="1" branch="false"/>
            <line number="323" hits="1" branch="false"/>
            <line number="324" hits="1" branch="false"/>
            <line number="325" hits="1" branch="false"/>
            <line number="326" hits="1" branch="false"/>
            <line number="327" hits="1" branch="false"/>
            <line number="328" hits="1" branch="false"/>
            <line number="329" hits="1" branch="false"/>
            <line number="330" hits="1" branch="false"/>
            <line number="331" hits="1" branch="false"/>
            <line number="341" hits="0" branch="false"/>
            <line number="342" hits="0" branch="false"/>
            <line number="352" hits="0" branch="false"/>
            <line number="353" hits="0" branch="false"/>
            <line number="354" hits="0" branch="false"/>
          </lines>
        </class>
        <class name="fastdocall.R" filename="R/fastdocall.R" line-rate="0.535714285714286" branch-rate="0" complexity="0">
          <methods>
            <method name="fastDoCall" signature="" line-rate="0.535714285714286" branch-rate="0" complexity="0">
              <lines>
                <line number="15" hits="30" branch="false"/>
                <line number="16" hits="0" branch="false"/>
                <line number="19" hits="30" branch="false"/>
                <line number="20" hits="0" branch="false"/>
                <line number="21" hits="0" branch="false"/>
                <line number="24" hits="30" branch="false"/>
                <line number="25" hits="30" branch="false"/>
                <line number="27" hits="30" branch="false"/>
                <line number="28" hits="30" branch="false"/>
                <line number="31" hits="30" branch="false"/>
                <line number="32" hits="0" branch="false"/>
                <line number="33" hits="0" branch="false"/>
                <line number="34" hits="0" branch="false"/>
                <line number="35" hits="0" branch="false"/>
                <line number="36" hits="0" branch="false"/>
                <line number="37" hits="0" branch="false"/>
                <line number="38" hits="0" branch="false"/>
                <line number="40" hits="0" branch="false"/>
                <line number="41" hits="30" branch="false"/>
                <line number="42" hits="30" branch="false"/>
                <line number="43" hits="30" branch="false"/>
                <line number="44" hits="30" branch="false"/>
                <line number="45" hits="0" branch="false"/>
                <line number="46" hits="0" branch="false"/>
                <line number="49" hits="30" branch="false"/>
                <line number="50" hits="30" branch="false"/>
                <line number="51" hits="30" branch="false"/>
                <line number="52" hits="30" branch="false"/>
              </lines>
            </method>
          </methods>
          <lines>
            <line number="15" hits="30" branch="false"/>
            <line number="16" hits="0" branch="false"/>
            <line number="19" hits="30" branch="false"/>
            <line number="20" hits="0" branch="false"/>
            <line number="21" hits="0" branch="false"/>
            <line number="24" hits="30" branch="false"/>
            <line number="25" hits="30" branch="false"/>
            <line number="27" hits="30" branch="false"/>
            <line number="28" hits="30" branch="false"/>
            <line number="31" hits="30" branch="false"/>
            <line number="32" hits="0" branch="false"/>
            <line number="33" hits="0" branch="false"/>
            <line number="34" hits="0" branch="false"/>
            <line number="35" hits="0" branch="false"/>
            <line number="36" hits="0" branch="false"/>
            <line number="37" hits="0" branch="false"/>
            <line number="38" hits="0" branch="false"/>
            <line number="40" hits="0" branch="false"/>
            <line number="41" hits="30" branch="false"/>
            <line number="42" hits="30" branch="false"/>
            <line number="43" hits="30" branch="false"/>
            <line number="44" hits="30" branch="false"/>
            <line number="45" hits="0" branch="false"/>
            <line number="46" hits="0" branch="false"/>
            <line number="49" hits="30" branch="false"/>
            <line number="50" hits="30" branch="false"/>
            <line number="51" hits="30" branch="false"/>
            <line number="52" hits="30" branch="false"/>
          </lines>
        </class>
        <class name="format_date.R" filename="R/format_date.R" line-rate="1" branch-rate="0" complexity="0">
          <methods>
            <method name="format_date" signature="" line-rate="1" branch-rate="0" complexity="0">
              <lines>
                <line number="34" hits="5" branch="false"/>
                <line number="35" hits="5" branch="false"/>
                <line number="36" hits="5" branch="false"/>
                <line number="37" hits="5" branch="false"/>
                <line number="38" hits="5" branch="false"/>
                <line number="39" hits="5" branch="false"/>
                <line number="40" hits="5" branch="false"/>
                <line number="41" hits="5" branch="false"/>
                <line number="43" hits="5" branch="false"/>
              </lines>
            </method>
          </methods>
          <lines>
            <line number="34" hits="5" branch="false"/>
            <line number="35" hits="5" branch="false"/>
            <line number="36" hits="5" branch="false"/>
            <line number="37" hits="5" branch="false"/>
            <line number="38" hits="5" branch="false"/>
            <line number="39" hits="5" branch="false"/>
            <line number="40" hits="5" branch="false"/>
            <line number="41" hits="5" branch="false"/>
            <line number="43" hits="5" branch="false"/>
          </lines>
        </class>
        <class name="ft_formats.R" filename="R/ft_formats.R" line-rate="0.529411764705882" branch-rate="0" complexity="0">
          <methods>
            <method name="autoslider_format" signature="" line-rate="1" branch-rate="0" complexity="0">
              <lines>
                <line number="30" hits="289" branch="false"/>
                <line number="31" hits="289" branch="false"/>
                <line number="32" hits="289" branch="false"/>
                <line number="33" hits="289" branch="false"/>
                <line number="34" hits="289" branch="false"/>
                <line number="35" hits="289" branch="false"/>
                <line number="36" hits="289" branch="false"/>
                <line number="37" hits="289" branch="false"/>
                <line number="38" hits="289" branch="false"/>
                <line number="39" hits="289" branch="false"/>
                <line number="40" hits="289" branch="false"/>
                <line number="41" hits="289" branch="false"/>
              </lines>
            </method>
            <method name="blue_format" signature="" line-rate="1" branch-rate="0" complexity="0">
              <lines>
                <line number="54" hits="1" branch="false"/>
                <line number="55" hits="1" branch="false"/>
                <line number="56" hits="1" branch="false"/>
                <line number="57" hits="1" branch="false"/>
                <line number="58" hits="1" branch="false"/>
                <line number="59" hits="1" branch="false"/>
              </lines>
            </method>
            <method name="orange_format" signature="" line-rate="1" branch-rate="0" complexity="0">
              <lines>
                <line number="71" hits="285" branch="false"/>
                <line number="72" hits="285" branch="false"/>
                <line number="73" hits="285" branch="false"/>
                <line number="74" hits="285" branch="false"/>
                <line number="75" hits="285" branch="false"/>
                <line number="76" hits="285" branch="false"/>
              </lines>
            </method>
            <method name="red_format" signature="" line-rate="1" branch-rate="0" complexity="0">
              <lines>
                <line number="88" hits="1" branch="false"/>
                <line number="89" hits="1" branch="false"/>
                <line number="90" hits="1" branch="false"/>
                <line number="91" hits="1" branch="false"/>
                <line number="92" hits="1" branch="false"/>
                <line number="93" hits="1" branch="false"/>
              </lines>
            </method>
            <method name="purple_format" signature="" line-rate="1" branch-rate="0" complexity="0">
              <lines>
                <line number="106" hits="1" branch="false"/>
                <line number="107" hits="1" branch="false"/>
                <line number="108" hits="1" branch="false"/>
                <line number="109" hits="1" branch="false"/>
                <line number="110" hits="1" branch="false"/>
                <line number="111" hits="1" branch="false"/>
              </lines>
            </method>
            <method name="autoslider_dose_format" signature="" line-rate="0" branch-rate="0" complexity="0">
              <lines>
                <line number="123" hits="0" branch="false"/>
                <line number="124" hits="0" branch="false"/>
                <line number="125" hits="0" branch="false"/>
                <line number="126" hits="0" branch="false"/>
                <line number="127" hits="0" branch="false"/>
                <line number="128" hits="0" branch="false"/>
              </lines>
            </method>
            <method name="black_format_ae" signature="" line-rate="0" branch-rate="0" complexity="0">
              <lines>
                <line number="140" hits="0" branch="false"/>
                <line number="141" hits="0" branch="false"/>
                <line number="142" hits="0" branch="false"/>
                <line number="143" hits="0" branch="false"/>
                <line number="144" hits="0" branch="false"/>
                <line number="145" hits="0" branch="false"/>
                <line number="146" hits="0" branch="false"/>
                <line number="147" hits="0" branch="false"/>
                <line number="148" hits="0" branch="false"/>
                <line number="149" hits="0" branch="false"/>
                <line number="150" hits="0" branch="false"/>
                <line number="151" hits="0" branch="false"/>
                <line number="152" hits="0" branch="false"/>
                <line number="153" hits="0" branch="false"/>
                <line number="154" hits="0" branch="false"/>
                <line number="155" hits="0" branch="false"/>
                <line number="156" hits="0" branch="false"/>
              </lines>
            </method>
            <method name="black_format_tb" signature="" line-rate="0" branch-rate="0" complexity="0">
              <lines>
                <line number="168" hits="0" branch="false"/>
                <line number="169" hits="0" branch="false"/>
                <line number="170" hits="0" branch="false"/>
                <line number="171" hits="0" branch="false"/>
                <line number="172" hits="0" branch="false"/>
                <line number="173" hits="0" branch="false"/>
                <line number="174" hits="0" branch="false"/>
                <line number="175" hits="0" branch="false"/>
                <line number="176" hits="0" branch="false"/>
              </lines>
            </method>
          </methods>
          <lines>
            <line number="30" hits="289" branch="false"/>
            <line number="31" hits="289" branch="false"/>
            <line number="32" hits="289" branch="false"/>
            <line number="33" hits="289" branch="false"/>
            <line number="34" hits="289" branch="false"/>
            <line number="35" hits="289" branch="false"/>
            <line number="36" hits="289" branch="false"/>
            <line number="37" hits="289" branch="false"/>
            <line number="38" hits="289" branch="false"/>
            <line number="39" hits="289" branch="false"/>
            <line number="40" hits="289" branch="false"/>
            <line number="41" hits="289" branch="false"/>
            <line number="54" hits="1" branch="false"/>
            <line number="55" hits="1" branch="false"/>
            <line number="56" hits="1" branch="false"/>
            <line number="57" hits="1" branch="false"/>
            <line number="58" hits="1" branch="false"/>
            <line number="59" hits="1" branch="false"/>
            <line number="71" hits="285" branch="false"/>
            <line number="72" hits="285" branch="false"/>
            <line number="73" hits="285" branch="false"/>
            <line number="74" hits="285" branch="false"/>
            <line number="75" hits="285" branch="false"/>
            <line number="76" hits="285" branch="false"/>
            <line number="88" hits="1" branch="false"/>
            <line number="89" hits="1" branch="false"/>
            <line number="90" hits="1" branch="false"/>
            <line number="91" hits="1" branch="false"/>
            <line number="92" hits="1" branch="false"/>
            <line number="93" hits="1" branch="false"/>
            <line number="106" hits="1" branch="false"/>
            <line number="107" hits="1" branch="false"/>
            <line number="108" hits="1" branch="false"/>
            <line number="109" hits="1" branch="false"/>
            <line number="110" hits="1" branch="false"/>
            <line number="111" hits="1" branch="false"/>
            <line number="123" hits="0" branch="false"/>
            <line number="124" hits="0" branch="false"/>
            <line number="125" hits="0" branch="false"/>
            <line number="126" hits="0" branch="false"/>
            <line number="127" hits="0" branch="false"/>
            <line number="128" hits="0" branch="false"/>
            <line number="140" hits="0" branch="false"/>
            <line number="141" hits="0" branch="false"/>
            <line number="142" hits="0" branch="false"/>
            <line number="143" hits="0" branch="false"/>
            <line number="144" hits="0" branch="false"/>
            <line number="145" hits="0" branch="false"/>
            <line number="146" hits="0" branch="false"/>
            <line number="147" hits="0" branch="false"/>
            <line number="148" hits="0" branch="false"/>
            <line number="149" hits="0" branch="false"/>
            <line number="150" hits="0" branch="false"/>
            <line number="151" hits="0" branch="false"/>
            <line number="152" hits="0" branch="false"/>
            <line number="153" hits="0" branch="false"/>
            <line number="154" hits="0" branch="false"/>
            <line number="155" hits="0" branch="false"/>
            <line number="156" hits="0" branch="false"/>
            <line number="168" hits="0" branch="false"/>
            <line number="169" hits="0" branch="false"/>
            <line number="170" hits="0" branch="false"/>
            <line number="171" hits="0" branch="false"/>
            <line number="172" hits="0" branch="false"/>
            <line number="173" hits="0" branch="false"/>
            <line number="174" hits="0" branch="false"/>
            <line number="175" hits="0" branch="false"/>
            <line number="176" hits="0" branch="false"/>
          </lines>
        </class>
        <class name="func_wrapper.R" filename="R/func_wrapper.R" line-rate="0.444444444444444" branch-rate="0" complexity="0">
          <methods>
            <method name="func_wrapper" signature="" line-rate="0.444444444444444" branch-rate="0" complexity="0">
              <lines>
                <line number="9" hits="15" branch="false"/>
                <line number="10" hits="15" branch="false"/>
                <line number="11" hits="15" branch="false"/>
                <line number="12" hits="15" branch="false"/>
                <line number="13" hits="15" branch="false"/>
                <line number="14" hits="15" branch="false"/>
                <line number="15" hits="15" branch="false"/>
                <line number="17" hits="15" branch="false"/>
                <line number="18" hits="0" branch="false"/>
                <line number="19" hits="0" branch="false"/>
                <line number="20" hits="0" branch="false"/>
                <line number="21" hits="0" branch="false"/>
                <line number="22" hits="0" branch="false"/>
                <line number="23" hits="0" branch="false"/>
                <line number="25" hits="0" branch="false"/>
                <line number="26" hits="0" branch="false"/>
                <line number="27" hits="0" branch="false"/>
                <line number="28" hits="0" branch="false"/>
                <line number="29" hits="0" branch="false"/>
                <line number="33" hits="15" branch="false"/>
                <line number="34" hits="15" branch="false"/>
                <line number="35" hits="15" branch="false"/>
                <line number="36" hits="0" branch="false"/>
                <line number="37" hits="0" branch="false"/>
                <line number="38" hits="0" branch="false"/>
                <line number="39" hits="0" branch="false"/>
                <line number="40" hits="0" branch="false"/>
                <line number="41" hits="0" branch="false"/>
                <line number="42" hits="0" branch="false"/>
                <line number="43" hits="0" branch="false"/>
                <line number="44" hits="0" branch="false"/>
                <line number="46" hits="15" branch="false"/>
                <line number="47" hits="15" branch="false"/>
                <line number="48" hits="15" branch="false"/>
                <line number="49" hits="15" branch="false"/>
                <line number="50" hits="15" branch="false"/>
              </lines>
            </method>
          </methods>
          <lines>
            <line number="9" hits="15" branch="false"/>
            <line number="10" hits="15" branch="false"/>
            <line number="11" hits="15" branch="false"/>
            <line number="12" hits="15" branch="false"/>
            <line number="13" hits="15" branch="false"/>
            <line number="14" hits="15" branch="false"/>
            <line number="15" hits="15" branch="false"/>
            <line number="17" hits="15" branch="false"/>
            <line number="18" hits="0" branch="false"/>
            <line number="19" hits="0" branch="false"/>
            <line number="20" hits="0" branch="false"/>
            <line number="21" hits="0" branch="false"/>
            <line number="22" hits="0" branch="false"/>
            <line number="23" hits="0" branch="false"/>
            <line number="25" hits="0" branch="false"/>
            <line number="26" hits="0" branch="false"/>
            <line number="27" hits="0" branch="false"/>
            <line number="28" hits="0" branch="false"/>
            <line number="29" hits="0" branch="false"/>
            <line number="33" hits="15" branch="false"/>
            <line number="34" hits="15" branch="false"/>
            <line number="35" hits="15" branch="false"/>
            <line number="36" hits="0" branch="false"/>
            <line number="37" hits="0" branch="false"/>
            <line number="38" hits="0" branch="false"/>
            <line number="39" hits="0" branch="false"/>
            <line number="40" hits="0" branch="false"/>
            <line number="41" hits="0" branch="false"/>
            <line number="42" hits="0" branch="false"/>
            <line number="43" hits="0" branch="false"/>
            <line number="44" hits="0" branch="false"/>
            <line number="46" hits="15" branch="false"/>
            <line number="47" hits="15" branch="false"/>
            <line number="48" hits="15" branch="false"/>
            <line number="49" hits="15" branch="false"/>
            <line number="50" hits="15" branch="false"/>
          </lines>
        </class>
        <class name="g_mean_slides.R" filename="R/g_mean_slides.R" line-rate="1" branch-rate="0" complexity="0">
          <methods>
            <method name="g_mean_general" signature="" line-rate="1" branch-rate="0" complexity="0">
              <lines>
                <line number="30" hits="9" branch="false"/>
                <line number="31" hits="9" branch="false"/>
                <line number="32" hits="9" branch="false"/>
                <line number="33" hits="9" branch="false"/>
                <line number="35" hits="9" branch="false"/>
                <line number="36" hits="9" branch="false"/>
                <line number="38" hits="9" branch="false"/>
                <line number="39" hits="9" branch="false"/>
                <line number="40" hits="9" branch="false"/>
                <line number="41" hits="9" branch="false"/>
                <line number="42" hits="9" branch="false"/>
                <line number="43" hits="9" branch="false"/>
                <line number="44" hits="9" branch="false"/>
                <line number="45" hits="9" branch="false"/>
                <line number="48" hits="9" branch="false"/>
                <line number="49" hits="9" branch="false"/>
                <line number="50" hits="9" branch="false"/>
                <line number="51" hits="9" branch="false"/>
                <line number="52" hits="9" branch="false"/>
                <line number="53" hits="9" branch="false"/>
                <line number="54" hits="9" branch="false"/>
                <line number="55" hits="9" branch="false"/>
                <line number="56" hits="9" branch="false"/>
              </lines>
            </method>
            <method name="g_vs_slide" signature="" line-rate="1" branch-rate="0" complexity="0">
              <lines>
                <line number="94" hits="4" branch="false"/>
                <line number="96" hits="3" branch="false"/>
                <line number="97" hits="3" branch="false"/>
                <line number="98" hits="3" branch="false"/>
                <line number="99" hits="3" branch="false"/>
                <line number="101" hits="3" branch="false"/>
                <line number="102" hits="3" branch="false"/>
                <line number="103" hits="3" branch="false"/>
                <line number="104" hits="3" branch="false"/>
              </lines>
            </method>
            <method name="g_lb_slide" signature="" line-rate="1" branch-rate="0" complexity="0">
              <lines>
                <line number="154" hits="3" branch="false"/>
                <line number="155" hits="3" branch="false"/>
                <line number="157" hits="2" branch="false"/>
                <line number="158" hits="2" branch="false"/>
                <line number="159" hits="2" branch="false"/>
                <line number="160" hits="2" branch="false"/>
                <line number="161" hits="2" branch="false"/>
                <line number="162" hits="2" branch="false"/>
                <line number="163" hits="2" branch="false"/>
                <line number="165" hits="2" branch="false"/>
                <line number="166" hits="2" branch="false"/>
                <line number="167" hits="2" branch="false"/>
                <line number="168" hits="2" branch="false"/>
              </lines>
            </method>
            <method name="g_eg_slide" signature="" line-rate="1" branch-rate="0" complexity="0">
              <lines>
                <line number="207" hits="5" branch="false"/>
                <line number="208" hits="3" branch="false"/>
                <line number="209" hits="3" branch="false"/>
                <line number="210" hits="3" branch="false"/>
                <line number="211" hits="3" branch="false"/>
                <line number="212" hits="3" branch="false"/>
                <line number="214" hits="3" branch="false"/>
                <line number="215" hits="3" branch="false"/>
                <line number="216" hits="3" branch="false"/>
                <line number="217" hits="3" branch="false"/>
              </lines>
            </method>
          </methods>
          <lines>
            <line number="30" hits="9" branch="false"/>
            <line number="31" hits="9" branch="false"/>
            <line number="32" hits="9" branch="false"/>
            <line number="33" hits="9" branch="false"/>
            <line number="35" hits="9" branch="false"/>
            <line number="36" hits="9" branch="false"/>
            <line number="38" hits="9" branch="false"/>
            <line number="39" hits="9" branch="false"/>
            <line number="40" hits="9" branch="false"/>
            <line number="41" hits="9" branch="false"/>
            <line number="42" hits="9" branch="false"/>
            <line number="43" hits="9" branch="false"/>
            <line number="44" hits="9" branch="false"/>
            <line number="45" hits="9" branch="false"/>
            <line number="48" hits="9" branch="false"/>
            <line number="49" hits="9" branch="false"/>
            <line number="50" hits="9" branch="false"/>
            <line number="51" hits="9" branch="false"/>
            <line number="52" hits="9" branch="false"/>
            <line number="53" hits="9" branch="false"/>
            <line number="54" hits="9" branch="false"/>
            <line number="55" hits="9" branch="false"/>
            <line number="56" hits="9" branch="false"/>
            <line number="94" hits="4" branch="false"/>
            <line number="96" hits="3" branch="false"/>
            <line number="97" hits="3" branch="false"/>
            <line number="98" hits="3" branch="false"/>
            <line number="99" hits="3" branch="false"/>
            <line number="101" hits="3" branch="false"/>
            <line number="102" hits="3" branch="false"/>
            <line number="103" hits="3" branch="false"/>
            <line number="104" hits="3" branch="false"/>
            <line number="154" hits="3" branch="false"/>
            <line number="155" hits="3" branch="false"/>
            <line number="157" hits="2" branch="false"/>
            <line number="158" hits="2" branch="false"/>
            <line number="159" hits="2" branch="false"/>
            <line number="160" hits="2" branch="false"/>
            <line number="161" hits="2" branch="false"/>
            <line number="162" hits="2" branch="false"/>
            <line number="163" hits="2" branch="false"/>
            <line number="165" hits="2" branch="false"/>
            <line number="166" hits="2" branch="false"/>
            <line number="167" hits="2" branch="false"/>
            <line number="168" hits="2" branch="false"/>
            <line number="207" hits="5" branch="false"/>
            <line number="208" hits="3" branch="false"/>
            <line number="209" hits="3" branch="false"/>
            <line number="210" hits="3" branch="false"/>
            <line number="211" hits="3" branch="false"/>
            <line number="212" hits="3" branch="false"/>
            <line number="214" hits="3" branch="false"/>
            <line number="215" hits="3" branch="false"/>
            <line number="216" hits="3" branch="false"/>
            <line number="217" hits="3" branch="false"/>
          </lines>
        </class>
        <class name="generate_output.R" filename="R/generate_output.R" line-rate="0.842105263157895" branch-rate="0" complexity="0">
          <methods>
            <method name="generate_output" signature="" line-rate="0.790697674418605" branch-rate="0" complexity="0">
              <lines>
                <line number="41" hits="15" branch="false"/>
                <line number="42" hits="15" branch="false"/>
                <line number="43" hits="15" branch="false"/>
                <line number="44" hits="15" branch="false"/>
                <line number="45" hits="15" branch="false"/>
                <line number="46" hits="15" branch="false"/>
                <line number="47" hits="15" branch="false"/>
                <line number="48" hits="15" branch="false"/>
                <line number="49" hits="15" branch="false"/>
                <line number="50" hits="15" branch="false"/>
                <line number="51" hits="15" branch="false"/>
                <line number="53" hits="15" branch="false"/>
                <line number="54" hits="15" branch="false"/>
                <line number="55" hits="15" branch="false"/>
                <line number="56" hits="15" branch="false"/>
                <line number="57" hits="15" branch="false"/>
                <line number="58" hits="15" branch="false"/>
                <line number="59" hits="15" branch="false"/>
                <line number="60" hits="15" branch="false"/>
                <line number="61" hits="15" branch="false"/>
                <line number="62" hits="15" branch="false"/>
                <line number="63" hits="0" branch="false"/>
                <line number="64" hits="0" branch="false"/>
                <line number="65" hits="0" branch="false"/>
                <line number="66" hits="15" branch="false"/>
                <line number="67" hits="0" branch="false"/>
                <line number="68" hits="15" branch="false"/>
                <line number="69" hits="15" branch="false"/>
                <line number="70" hits="15" branch="false"/>
                <line number="71" hits="0" branch="false"/>
                <line number="73" hits="15" branch="false"/>
                <line number="74" hits="15" branch="false"/>
                <line number="75" hits="15" branch="false"/>
                <line number="76" hits="15" branch="false"/>
                <line number="77" hits="15" branch="false"/>
                <line number="78" hits="0" branch="false"/>
                <line number="79" hits="0" branch="false"/>
                <line number="80" hits="0" branch="false"/>
                <line number="81" hits="15" branch="false"/>
                <line number="82" hits="0" branch="false"/>
                <line number="83" hits="15" branch="false"/>
                <line number="84" hits="15" branch="false"/>
                <line number="85" hits="15" branch="false"/>
              </lines>
            </method>
            <method name="generate_outputs" signature="" line-rate="1" branch-rate="0" complexity="0">
              <lines>
                <line number="124" hits="1" branch="false"/>
                <line number="125" hits="1" branch="false"/>
                <line number="126" hits="1" branch="false"/>
                <line number="127" hits="1" branch="false"/>
                <line number="128" hits="1" branch="false"/>
                <line number="129" hits="1" branch="false"/>
                <line number="130" hits="1" branch="false"/>
                <line number="131" hits="1" branch="false"/>
                <line number="132" hits="1" branch="false"/>
                <line number="133" hits="1" branch="false"/>
                <line number="134" hits="1" branch="false"/>
                <line number="135" hits="1" branch="false"/>
                <line number="136" hits="1" branch="false"/>
                <line number="137" hits="1" branch="false"/>
              </lines>
            </method>
          </methods>
          <lines>
            <line number="41" hits="15" branch="false"/>
            <line number="42" hits="15" branch="false"/>
            <line number="43" hits="15" branch="false"/>
            <line number="44" hits="15" branch="false"/>
            <line number="45" hits="15" branch="false"/>
            <line number="46" hits="15" branch="false"/>
            <line number="47" hits="15" branch="false"/>
            <line number="48" hits="15" branch="false"/>
            <line number="49" hits="15" branch="false"/>
            <line number="50" hits="15" branch="false"/>
            <line number="51" hits="15" branch="false"/>
            <line number="53" hits="15" branch="false"/>
            <line number="54" hits="15" branch="false"/>
            <line number="55" hits="15" branch="false"/>
            <line number="56" hits="15" branch="false"/>
            <line number="57" hits="15" branch="false"/>
            <line number="58" hits="15" branch="false"/>
            <line number="59" hits="15" branch="false"/>
            <line number="60" hits="15" branch="false"/>
            <line number="61" hits="15" branch="false"/>
            <line number="62" hits="15" branch="false"/>
            <line number="63" hits="0" branch="false"/>
            <line number="64" hits="0" branch="false"/>
            <line number="65" hits="0" branch="false"/>
            <line number="66" hits="15" branch="false"/>
            <line number="67" hits="0" branch="false"/>
            <line number="68" hits="15" branch="false"/>
            <line number="69" hits="15" branch="false"/>
            <line number="70" hits="15" branch="false"/>
            <line number="71" hits="0" branch="false"/>
            <line number="73" hits="15" branch="false"/>
            <line number="74" hits="15" branch="false"/>
            <line number="75" hits="15" branch="false"/>
            <line number="76" hits="15" branch="false"/>
            <line number="77" hits="15" branch="false"/>
            <line number="78" hits="0" branch="false"/>
            <line number="79" hits="0" branch="false"/>
            <line number="80" hits="0" branch="false"/>
            <line number="81" hits="15" branch="false"/>
            <line number="82" hits="0" branch="false"/>
            <line number="83" hits="15" branch="false"/>
            <line number="84" hits="15" branch="false"/>
            <line number="85" hits="15" branch="false"/>
            <line number="124" hits="1" branch="false"/>
            <line number="125" hits="1" branch="false"/>
            <line number="126" hits="1" branch="false"/>
            <line number="127" hits="1" branch="false"/>
            <line number="128" hits="1" branch="false"/>
            <line number="129" hits="1" branch="false"/>
            <line number="130" hits="1" branch="false"/>
            <line number="131" hits="1" branch="false"/>
            <line number="132" hits="1" branch="false"/>
            <line number="133" hits="1" branch="false"/>
            <line number="134" hits="1" branch="false"/>
            <line number="135" hits="1" branch="false"/>
            <line number="136" hits="1" branch="false"/>
            <line number="137" hits="1" branch="false"/>
          </lines>
        </class>
        <class name="gt_t_dm_slide.R" filename="R/gt_t_dm_slide.R" line-rate="1" branch-rate="0" complexity="0">
          <methods>
            <method name="gt_t_dm_slide" signature="" line-rate="1" branch-rate="0" complexity="0">
              <lines>
                <line number="20" hits="1" branch="false"/>
                <line number="21" hits="1" branch="false"/>
                <line number="22" hits="1" branch="false"/>
                <line number="23" hits="1" branch="false"/>
              </lines>
            </method>
          </methods>
          <lines>
            <line number="20" hits="1" branch="false"/>
            <line number="21" hits="1" branch="false"/>
            <line number="22" hits="1" branch="false"/>
            <line number="23" hits="1" branch="false"/>
          </lines>
        </class>
        <class name="helper_functions.R" filename="R/helper_functions.R" line-rate="1" branch-rate="0" complexity="0">
          <methods>
            <method name="mutate_actarm" signature="" line-rate="1" branch-rate="0" complexity="0">
              <lines>
                <line number="16" hits="2" branch="false"/>
                <line number="17" hits="2" branch="false"/>
                <line number="18" hits="2" branch="false"/>
                <line number="19" hits="2" branch="false"/>
                <line number="20" hits="2" branch="false"/>
              </lines>
            </method>
            <method name="preprocess_t_dd" signature="" line-rate="1" branch-rate="0" complexity="0">
              <lines>
                <line number="33" hits="1" branch="false"/>
                <line number="34" hits="1" branch="false"/>
                <line number="35" hits="1" branch="false"/>
                <line number="36" hits="1" branch="false"/>
                <line number="38" hits="1" branch="false"/>
                <line number="39" hits="1" branch="false"/>
                <line number="40" hits="1" branch="false"/>
                <line number="41" hits="1" branch="false"/>
                <line number="42" hits="1" branch="false"/>
                <line number="43" hits="1" branch="false"/>
                <line number="44" hits="1" branch="false"/>
                <line number="45" hits="1" branch="false"/>
                <line number="46" hits="1" branch="false"/>
                <line number="47" hits="1" branch="false"/>
                <line number="48" hits="1" branch="false"/>
                <line number="49" hits="1" branch="false"/>
              </lines>
            </method>
            <method name="preprocess_t_ds" signature="" line-rate="1" branch-rate="0" complexity="0">
              <lines>
                <line number="63" hits="1" branch="false"/>
                <line number="64" hits="1" branch="false"/>
                <line number="65" hits="1" branch="false"/>
                <line number="66" hits="1" branch="false"/>
                <line number="67" hits="1" branch="false"/>
                <line number="68" hits="1" branch="false"/>
                <line number="69" hits="1" branch="false"/>
                <line number="70" hits="1" branch="false"/>
                <line number="72" hits="1" branch="false"/>
                <line number="74" hits="1" branch="false"/>
                <line number="75" hits="1" branch="false"/>
                <line number="76" hits="1" branch="false"/>
                <line number="77" hits="1" branch="false"/>
                <line number="78" hits="1" branch="false"/>
                <line number="80" hits="1" branch="false"/>
              </lines>
            </method>
          </methods>
          <lines>
            <line number="16" hits="2" branch="false"/>
            <line number="17" hits="2" branch="false"/>
            <line number="18" hits="2" branch="false"/>
            <line number="19" hits="2" branch="false"/>
            <line number="20" hits="2" branch="false"/>
            <line number="33" hits="1" branch="false"/>
            <line number="34" hits="1" branch="false"/>
            <line number="35" hits="1" branch="false"/>
            <line number="36" hits="1" branch="false"/>
            <line number="38" hits="1" branch="false"/>
            <line number="39" hits="1" branch="false"/>
            <line number="40" hits="1" branch="false"/>
            <line number="41" hits="1" branch="false"/>
            <line number="42" hits="1" branch="false"/>
            <line number="43" hits="1" branch="false"/>
            <line number="44" hits="1" branch="false"/>
            <line number="45" hits="1" branch="false"/>
            <line number="46" hits="1" branch="false"/>
            <line number="47" hits="1" branch="false"/>
            <line number="48" hits="1" branch="false"/>
            <line number="49" hits="1" branch="false"/>
            <line number="63" hits="1" branch="false"/>
            <line number="64" hits="1" branch="false"/>
            <line number="65" hits="1" branch="false"/>
            <line number="66" hits="1" branch="false"/>
            <line number="67" hits="1" branch="false"/>
            <line number="68" hits="1" branch="false"/>
            <line number="69" hits="1" branch="false"/>
            <line number="70" hits="1" branch="false"/>
            <line number="72" hits="1" branch="false"/>
            <line number="74" hits="1" branch="false"/>
            <line number="75" hits="1" branch="false"/>
            <line number="76" hits="1" branch="false"/>
            <line number="77" hits="1" branch="false"/>
            <line number="78" hits="1" branch="false"/>
            <line number="80" hits="1" branch="false"/>
          </lines>
        </class>
        <class name="l_ae_slide.R" filename="R/l_ae_slide.R" line-rate="1" branch-rate="0" complexity="0">
          <methods>
            <method name="l_ae_slide" signature="" line-rate="1" branch-rate="0" complexity="0">
              <lines>
                <line number="15" hits="2" branch="false"/>
                <line number="16" hits="2" branch="false"/>
                <line number="17" hits="2" branch="false"/>
                <line number="18" hits="2" branch="false"/>
                <line number="21" hits="2" branch="false"/>
                <line number="22" hits="2" branch="false"/>
                <line number="24" hits="2" branch="false"/>
                <line number="25" hits="2" branch="false"/>
                <line number="26" hits="2" branch="false"/>
                <line number="27" hits="2" branch="false"/>
                <line number="28" hits="2" branch="false"/>
                <line number="29" hits="2" branch="false"/>
                <line number="30" hits="2" branch="false"/>
                <line number="31" hits="2" branch="false"/>
                <line number="32" hits="2" branch="false"/>
                <line number="33" hits="2" branch="false"/>
                <line number="34" hits="2" branch="false"/>
                <line number="35" hits="2" branch="false"/>
                <line number="36" hits="2" branch="false"/>
                <line number="37" hits="2" branch="false"/>
                <line number="38" hits="2" branch="false"/>
                <line number="39" hits="2" branch="false"/>
                <line number="40" hits="2" branch="false"/>
                <line number="41" hits="2" branch="false"/>
                <line number="42" hits="2" branch="false"/>
                <line number="43" hits="2" branch="false"/>
                <line number="44" hits="2" branch="false"/>
                <line number="45" hits="2" branch="false"/>
                <line number="46" hits="2" branch="false"/>
                <line number="47" hits="2" branch="false"/>
                <line number="48" hits="2" branch="false"/>
                <line number="49" hits="2" branch="false"/>
                <line number="50" hits="2" branch="false"/>
                <line number="51" hits="2" branch="false"/>
                <line number="52" hits="2" branch="false"/>
                <line number="53" hits="2" branch="false"/>
                <line number="54" hits="2" branch="false"/>
                <line number="57" hits="2" branch="false"/>
                <line number="58" hits="2" branch="false"/>
                <line number="61" hits="2" branch="false"/>
                <line number="63" hits="2" branch="false"/>
                <line number="66" hits="2" branch="false"/>
                <line number="67" hits="2" branch="false"/>
                <line number="68" hits="2" branch="false"/>
                <line number="71" hits="2" branch="false"/>
                <line number="72" hits="2" branch="false"/>
                <line number="75" hits="2" branch="false"/>
                <line number="76" hits="2" branch="false"/>
                <line number="79" hits="2" branch="false"/>
                <line number="81" hits="2" branch="false"/>
                <line number="84" hits="2" branch="false"/>
                <line number="85" hits="2" branch="false"/>
                <line number="86" hits="2" branch="false"/>
                <line number="90" hits="2" branch="false"/>
                <line number="91" hits="2" branch="false"/>
                <line number="92" hits="2" branch="false"/>
                <line number="93" hits="2" branch="false"/>
                <line number="94" hits="2" branch="false"/>
                <line number="96" hits="2" branch="false"/>
              </lines>
            </method>
          </methods>
          <lines>
            <line number="15" hits="2" branch="false"/>
            <line number="16" hits="2" branch="false"/>
            <line number="17" hits="2" branch="false"/>
            <line number="18" hits="2" branch="false"/>
            <line number="21" hits="2" branch="false"/>
            <line number="22" hits="2" branch="false"/>
            <line number="24" hits="2" branch="false"/>
            <line number="25" hits="2" branch="false"/>
            <line number="26" hits="2" branch="false"/>
            <line number="27" hits="2" branch="false"/>
            <line number="28" hits="2" branch="false"/>
            <line number="29" hits="2" branch="false"/>
            <line number="30" hits="2" branch="false"/>
            <line number="31" hits="2" branch="false"/>
            <line number="32" hits="2" branch="false"/>
            <line number="33" hits="2" branch="false"/>
            <line number="34" hits="2" branch="false"/>
            <line number="35" hits="2" branch="false"/>
            <line number="36" hits="2" branch="false"/>
            <line number="37" hits="2" branch="false"/>
            <line number="38" hits="2" branch="false"/>
            <line number="39" hits="2" branch="false"/>
            <line number="40" hits="2" branch="false"/>
            <line number="41" hits="2" branch="false"/>
            <line number="42" hits="2" branch="false"/>
            <line number="43" hits="2" branch="false"/>
            <line number="44" hits="2" branch="false"/>
            <line number="45" hits="2" branch="false"/>
            <line number="46" hits="2" branch="false"/>
            <line number="47" hits="2" branch="false"/>
            <line number="48" hits="2" branch="false"/>
            <line number="49" hits="2" branch="false"/>
            <line number="50" hits="2" branch="false"/>
            <line number="51" hits="2" branch="false"/>
            <line number="52" hits="2" branch="false"/>
            <line number="53" hits="2" branch="false"/>
            <line number="54" hits="2" branch="false"/>
            <line number="57" hits="2" branch="false"/>
            <line number="58" hits="2" branch="false"/>
            <line number="61" hits="2" branch="false"/>
            <line number="63" hits="2" branch="false"/>
            <line number="66" hits="2" branch="false"/>
            <line number="67" hits="2" branch="false"/>
            <line number="68" hits="2" branch="false"/>
            <line number="71" hits="2" branch="false"/>
            <line number="72" hits="2" branch="false"/>
            <line number="75" hits="2" branch="false"/>
            <line number="76" hits="2" branch="false"/>
            <line number="79" hits="2" branch="false"/>
            <line number="81" hits="2" branch="false"/>
            <line number="84" hits="2" branch="false"/>
            <line number="85" hits="2" branch="false"/>
            <line number="86" hits="2" branch="false"/>
            <line number="90" hits="2" branch="false"/>
[...]
                <line number="521" hits="7" branch="false"/>
                <line number="522" hits="7" branch="false"/>
                <line number="524" hits="7" branch="false"/>
                <line number="525" hits="7" branch="false"/>
                <line number="526" hits="7" branch="false"/>
                <line number="527" hits="7" branch="false"/>
                <line number="528" hits="7" branch="false"/>
                <line number="529" hits="7" branch="false"/>
                <line number="530" hits="7" branch="false"/>
                <line number="531" hits="7" branch="false"/>
                <line number="534" hits="7" branch="false"/>
                <line number="535" hits="0" branch="false"/>
                <line number="536" hits="0" branch="false"/>
                <line number="537" hits="0" branch="false"/>
                <line number="538" hits="0" branch="false"/>
                <line number="539" hits="0" branch="false"/>
                <line number="540" hits="0" branch="false"/>
                <line number="541" hits="0" branch="false"/>
                <line number="542" hits="0" branch="false"/>
                <line number="545" hits="27" branch="false"/>
              </lines>
            </method>
            <method name="do_call" signature="" line-rate="1" branch-rate="0" complexity="0">
              <lines>
                <line number="550" hits="600" branch="false"/>
                <line number="551" hits="600" branch="false"/>
              </lines>
            </method>
            <method name="build_table_header" signature="" line-rate="1" branch-rate="0" complexity="0">
              <lines>
                <line number="566" hits="51" branch="false"/>
                <line number="567" hits="51" branch="false"/>
                <line number="568" hits="34" branch="false"/>
                <line number="569" hits="5" branch="false"/>
                <line number="570" hits="5" branch="false"/>
                <line number="571" hits="5" branch="false"/>
                <line number="572" hits="5" branch="false"/>
                <line number="574" hits="29" branch="false"/>
                <line number="575" hits="29" branch="false"/>
                <line number="576" hits="29" branch="false"/>
                <line number="579" hits="17" branch="false"/>
                <line number="580" hits="10" branch="false"/>
                <line number="582" hits="17" branch="false"/>
                <line number="583" hits="17" branch="false"/>
                <line number="584" hits="17" branch="false"/>
                <line number="585" hits="17" branch="false"/>
                <line number="588" hits="51" branch="false"/>
              </lines>
            </method>
            <method name="get_version_label_output" signature="" line-rate="1" branch-rate="0" complexity="0">
              <lines>
                <line number="593" hits="1" branch="false"/>
              </lines>
            </method>
            <method name="strip_NA" signature="" line-rate="1" branch-rate="0" complexity="0">
              <lines>
                <line number="598" hits="21" branch="false"/>
              </lines>
            </method>
          </methods>
          <lines>
            <line number="2" hits="2" branch="false"/>
            <line number="12" hits="27" branch="false"/>
            <line number="13" hits="5" branch="false"/>
            <line number="15" hits="22" branch="false"/>
            <line number="16" hits="22" branch="false"/>
            <line number="17" hits="22" branch="false"/>
            <line number="18" hits="22" branch="false"/>
            <line number="19" hits="4" branch="false"/>
            <line number="23" hits="27" branch="false"/>
            <line number="32" hits="2" branch="false"/>
            <line number="33" hits="2" branch="false"/>
            <line number="34" hits="2" branch="false"/>
            <line number="35" hits="1" branch="false"/>
            <line number="36" hits="1" branch="false"/>
            <line number="37" hits="1" branch="false"/>
            <line number="42" hits="2" branch="false"/>
            <line number="51" hits="2" branch="false"/>
            <line number="52" hits="2" branch="false"/>
            <line number="53" hits="2" branch="false"/>
            <line number="55" hits="2" branch="false"/>
            <line number="56" hits="2" branch="false"/>
            <line number="66" hits="1" branch="false"/>
            <line number="67" hits="1" branch="false"/>
            <line number="68" hits="1" branch="false"/>
            <line number="69" hits="0" branch="false"/>
            <line number="70" hits="1" branch="false"/>
            <line number="71" hits="1" branch="false"/>
            <line number="72" hits="1" branch="false"/>
            <line number="81" hits="22093" branch="false"/>
            <line number="82" hits="22093" branch="false"/>
            <line number="83" hits="22093" branch="false"/>
            <line number="84" hits="22093" branch="false"/>
            <line number="85" hits="22093" branch="false"/>
            <line number="86" hits="22093" branch="false"/>
            <line number="96" hits="85" branch="false"/>
            <line number="106" hits="1" branch="false"/>
            <line number="116" hits="1" branch="false"/>
            <line number="126" hits="1" branch="false"/>
            <line number="143" hits="6" branch="false"/>
            <line number="144" hits="6" branch="false"/>
            <line number="145" hits="6" branch="false"/>
            <line number="146" hits="6" branch="false"/>
            <line number="147" hits="6" branch="false"/>
            <line number="148" hits="6" branch="false"/>
            <line number="149" hits="6" branch="false"/>
            <line number="150" hits="6" branch="false"/>
            <line number="151" hits="6" branch="false"/>
            <line number="152" hits="6" branch="false"/>
            <line number="153" hits="6" branch="false"/>
            <line number="154" hits="6" branch="false"/>
            <line number="160" hits="6" branch="false"/>
            <line number="162" hits="6" branch="false"/>
            <line number="163" hits="6" branch="false"/>
            <line number="164" hits="6" branch="false"/>
            <line number="165" hits="6" branch="false"/>
            <line number="166" hits="6" branch="false"/>
            <line number="167" hits="6" branch="false"/>
            <line number="175" hits="0" branch="false"/>
            <line number="176" hits="0" branch="false"/>
            <line number="177" hits="0" branch="false"/>
            <line number="179" hits="0" branch="false"/>
            <line number="180" hits="0" branch="false"/>
            <line number="181" hits="0" branch="false"/>
            <line number="182" hits="0" branch="false"/>
            <line number="183" hits="0" branch="false"/>
            <line number="184" hits="0" branch="false"/>
            <line number="185" hits="0" branch="false"/>
            <line number="186" hits="0" branch="false"/>
            <line number="190" hits="0" branch="false"/>
            <line number="192" hits="0" branch="false"/>
            <line number="193" hits="0" branch="false"/>
            <line number="194" hits="0" branch="false"/>
            <line number="195" hits="0" branch="false"/>
            <line number="196" hits="0" branch="false"/>
            <line number="197" hits="0" branch="false"/>
            <line number="198" hits="0" branch="false"/>
            <line number="199" hits="0" branch="false"/>
            <line number="200" hits="0" branch="false"/>
            <line number="201" hits="0" branch="false"/>
            <line number="203" hits="0" branch="false"/>
            <line number="204" hits="0" branch="false"/>
            <line number="205" hits="0" branch="false"/>
            <line number="206" hits="0" branch="false"/>
            <line number="207" hits="0" branch="false"/>
            <line number="209" hits="0" branch="false"/>
            <line number="210" hits="0" branch="false"/>
            <line number="211" hits="0" branch="false"/>
            <line number="212" hits="0" branch="false"/>
            <line number="213" hits="0" branch="false"/>
            <line number="214" hits="0" branch="false"/>
            <line number="215" hits="0" branch="false"/>
            <line number="216" hits="0" branch="false"/>
            <line number="219" hits="0" branch="false"/>
            <line number="220" hits="0" branch="false"/>
            <line number="221" hits="0" branch="false"/>
            <line number="222" hits="0" branch="false"/>
            <line number="223" hits="0" branch="false"/>
            <line number="224" hits="0" branch="false"/>
            <line number="226" hits="0" branch="false"/>
            <line number="227" hits="0" branch="false"/>
            <line number="228" hits="0" branch="false"/>
            <line number="229" hits="0" branch="false"/>
            <line number="230" hits="0" branch="false"/>
            <line number="234" hits="22" branch="false"/>
            <line number="238" hits="1" branch="false"/>
            <line number="239" hits="1" branch="false"/>
            <line number="243" hits="1" branch="false"/>
            <line number="247" hits="1" branch="false"/>
            <line number="251" hits="1" branch="false"/>
            <line number="255" hits="22" branch="false"/>
            <line number="256" hits="0" branch="false"/>
            <line number="257" hits="0" branch="false"/>
            <line number="258" hits="0" branch="false"/>
            <line number="260" hits="0" branch="false"/>
            <line number="263" hits="0" branch="false"/>
            <line number="264" hits="0" branch="false"/>
            <line number="265" hits="0" branch="false"/>
            <line number="266" hits="0" branch="false"/>
            <line number="267" hits="0" branch="false"/>
            <line number="268" hits="0" branch="false"/>
            <line number="270" hits="22" branch="false"/>
            <line number="273" hits="22" branch="false"/>
            <line number="274" hits="11" branch="false"/>
            <line number="277" hits="22" branch="false"/>
            <line number="282" hits="3" branch="false"/>
            <line number="286" hits="2" branch="false"/>
            <line number="287" hits="2" branch="false"/>
            <line number="288" hits="1" branch="false"/>
            <line number="290" hits="1" branch="false"/>
            <line number="291" hits="1" branch="false"/>
            <line number="292" hits="1" branch="false"/>
            <line number="293" hits="1" branch="false"/>
            <line number="298" hits="103" branch="false"/>
            <line number="302" hits="1" branch="false"/>
            <line number="306" hits="4" branch="false"/>
            <line number="311" hits="0" branch="false"/>
            <line number="315" hits="0" branch="false"/>
            <line number="316" hits="0" branch="false"/>
            <line number="320" hits="0" branch="false"/>
            <line number="324" hits="8" branch="false"/>
            <line number="325" hits="8" branch="false"/>
            <line number="326" hits="8" branch="false"/>
            <line number="327" hits="8" branch="false"/>
            <line number="329" hits="0" branch="false"/>
            <line number="334" hits="0" branch="false"/>
            <line number="338" hits="0" branch="false"/>
            <line number="342" hits="0" branch="false"/>
            <line number="343" hits="0" branch="false"/>
            <line number="347" hits="0" branch="false"/>
            <line number="348" hits="0" branch="false"/>
            <line number="350" hits="0" branch="false"/>
            <line number="351" hits="0" branch="false"/>
            <line number="352" hits="0" branch="false"/>
            <line number="353" hits="0" branch="false"/>
            <line number="354" hits="0" branch="false"/>
            <line number="355" hits="0" branch="false"/>
            <line number="356" hits="0" branch="false"/>
            <line number="357" hits="0" branch="false"/>
            <line number="359" hits="0" branch="false"/>
            <line number="361" hits="0" branch="false"/>
            <line number="362" hits="0" branch="false"/>
            <line number="363" hits="0" branch="false"/>
            <line number="364" hits="0" branch="false"/>
            <line number="365" hits="0" branch="false"/>
            <line number="367" hits="0" branch="false"/>
            <line number="369" hits="0" branch="false"/>
            <line number="370" hits="0" branch="false"/>
            <line number="371" hits="0" branch="false"/>
            <line number="373" hits="0" branch="false"/>
            <line number="374" hits="0" branch="false"/>
            <line number="379" hits="0" branch="false"/>
            <line number="380" hits="0" branch="false"/>
            <line number="381" hits="0" branch="false"/>
            <line number="383" hits="0" branch="false"/>
            <line number="384" hits="0" branch="false"/>
            <line number="385" hits="0" branch="false"/>
            <line number="386" hits="0" branch="false"/>
            <line number="387" hits="0" branch="false"/>
            <line number="388" hits="0" branch="false"/>
            <line number="390" hits="0" branch="false"/>
            <line number="394" hits="0" branch="false"/>
            <line number="395" hits="0" branch="false"/>
            <line number="397" hits="0" branch="false"/>
            <line number="398" hits="0" branch="false"/>
            <line number="399" hits="0" branch="false"/>
            <line number="400" hits="0" branch="false"/>
            <line number="401" hits="0" branch="false"/>
            <line number="403" hits="0" branch="false"/>
            <line number="408" hits="4" branch="false"/>
            <line number="409" hits="4" branch="false"/>
            <line number="410" hits="4" branch="false"/>
            <line number="414" hits="111" branch="false"/>
            <line number="415" hits="111" branch="false"/>
            <line number="416" hits="0" branch="false"/>
            <line number="417" hits="0" branch="false"/>
            <line number="418" hits="0" branch="false"/>
            <line number="419" hits="0" branch="false"/>
            <line number="421" hits="111" branch="false"/>
            <line number="422" hits="111" branch="false"/>
            <line number="423" hits="0" branch="false"/>
            <line number="428" hits="15" branch="false"/>
            <line number="429" hits="15" branch="false"/>
            <line number="430" hits="0" branch="false"/>
            <line number="432" hits="15" branch="false"/>
            <line number="433" hits="15" branch="false"/>
            <line number="436" hits="15" branch="false"/>
            <line number="440" hits="0" branch="false"/>
            <line number="441" hits="0" branch="false"/>
            <line number="443" hits="0" branch="false"/>
            <line number="446" hits="0" branch="false"/>
            <line number="447" hits="0" branch="false"/>
            <line number="448" hits="0" branch="false"/>
            <line number="449" hits="0" branch="false"/>
            <line number="450" hits="0" branch="false"/>
            <line number="451" hits="0" branch="false"/>
            <line number="452" hits="0" branch="false"/>
            <line number="453" hits="0" branch="false"/>
            <line number="458" hits="0" branch="false"/>
            <line number="459" hits="0" branch="false"/>
            <line number="461" hits="0" branch="false"/>
            <line number="464" hits="0" branch="false"/>
            <line number="465" hits="0" branch="false"/>
            <line number="466" hits="0" branch="false"/>
            <line number="467" hits="0" branch="false"/>
            <line number="468" hits="0" branch="false"/>
            <line number="469" hits="0" branch="false"/>
            <line number="482" hits="24" branch="false"/>
            <line number="484" hits="23" branch="false"/>
            <line number="485" hits="10" branch="false"/>
            <line number="486" hits="1" branch="false"/>
            <line number="487" hits="1" branch="false"/>
            <line number="488" hits="1" branch="false"/>
            <line number="489" hits="1" branch="false"/>
            <line number="490" hits="1" branch="false"/>
            <line number="491" hits="1" branch="false"/>
            <line number="492" hits="1" branch="false"/>
            <line number="493" hits="1" branch="false"/>
            <line number="494" hits="1" branch="false"/>
            <line number="497" hits="10" branch="false"/>
            <line number="498" hits="8" branch="false"/>
            <line number="499" hits="8" branch="false"/>
            <line number="500" hits="8" branch="false"/>
            <line number="503" hits="23" branch="false"/>
            <line number="514" hits="27" branch="false"/>
            <line number="516" hits="27" branch="false"/>
            <line number="517" hits="7" branch="false"/>
            <line number="518" hits="7" branch="false"/>
            <line number="519" hits="7" branch="false"/>
            <line number="520" hits="7" branch="false"/>
            <line number="521" hits="7" branch="false"/>
            <line number="522" hits="7" branch="false"/>
            <line number="524" hits="7" branch="false"/>
            <line number="525" hits="7" branch="false"/>
            <line number="526" hits="7" branch="false"/>
            <line number="527" hits="7" branch="false"/>
            <line number="528" hits="7" branch="false"/>
            <line number="529" hits="7" branch="false"/>
            <line number="530" hits="7" branch="false"/>
            <line number="531" hits="7" branch="false"/>
            <line number="534" hits="7" branch="false"/>
            <line number="535" hits="0" branch="false"/>
            <line number="536" hits="0" branch="false"/>
            <line number="537" hits="0" branch="false"/>
            <line number="538" hits="0" branch="false"/>
            <line number="539" hits="0" branch="false"/>
            <line number="540" hits="0" branch="false"/>
            <line number="541" hits="0" branch="false"/>
            <line number="542" hits="0" branch="false"/>
            <line number="545" hits="27" branch="false"/>
            <line number="550" hits="600" branch="false"/>
            <line number="551" hits="600" branch="false"/>
            <line number="566" hits="51" branch="false"/>
            <line number="567" hits="51" branch="false"/>
            <line number="568" hits="34" branch="false"/>
            <line number="569" hits="5" branch="false"/>
            <line number="570" hits="5" branch="false"/>
            <line number="571" hits="5" branch="false"/>
            <line number="572" hits="5" branch="false"/>
            <line number="574" hits="29" branch="false"/>
            <line number="575" hits="29" branch="false"/>
            <line number="576" hits="29" branch="false"/>
            <line number="579" hits="17" branch="false"/>
            <line number="580" hits="10" branch="false"/>
            <line number="582" hits="17" branch="false"/>
            <line number="583" hits="17" branch="false"/>
            <line number="584" hits="17" branch="false"/>
            <line number="585" hits="17" branch="false"/>
            <line number="588" hits="51" branch="false"/>
            <line number="593" hits="1" branch="false"/>
            <line number="598" hits="21" branch="false"/>
          </lines>
        </class>
      </classes>
    </package>
  </packages>
</coverage>
